Route not found
  /books/create
  2023-01-06T14:59:13.133Z
Route not found
  /books/create
  2023-01-06T15:02:05.611Z
Route not found
  /books/create
  2023-01-06T15:30:08.668Z
Route not found
  /
  2023-01-16T18:14:30.309Z
Route not found
  /picture
  2023-01-16T18:56:33.380Z
Route not found
  /create/picture
  2023-01-16T18:58:18.899Z
Route not found
  /create/picture
  2023-01-16T21:53:56.133Z
Route not found
  /create/picture
  2023-01-16T21:54:43.558Z
Route not found
  /create
  2023-01-16T21:57:28.740Z
Route not found
  /picture
  2023-01-16T22:05:25.775Z
Route not found
  /picture
  2023-01-16T22:05:35.002Z
Route not found
  /picture
  2023-01-16T22:05:46.560Z
Route not found
  /cloudinaryUrl
  2023-01-16T22:07:42.661Z
Route not found
  /create
  2023-01-16T22:12:04.233Z
Route not found
  /create
  2023-01-16T22:12:11.228Z
Route not found
  /create
  2023-01-16T22:13:28.143Z
Route not found
  /upload
  2023-01-16T22:14:41.447Z
Route not found
  /upload
  2023-01-16T22:15:01.193Z
Route not found
  /upload
  2023-01-16T22:15:26.045Z
Route not found
  /picture
  2023-01-16T22:15:32.788Z
Route not found
  /picture
  2023-01-16T22:17:54.600Z
Route not found
  /upload
  2023-01-16T22:17:59.022Z
Route not found
  /create
  2023-01-16T22:18:05.257Z
Route not found
  /uploadtocloudinary
  2023-01-16T22:18:19.618Z
